<?xml version="1.0" encoding="UTF-8"?>
<testng-results skipped="0" failed="0" ignored="0" total="6" passed="6">
  <reporter-output>
  </reporter-output>
  <suite name="Suite" duration-ms="216" started-at="2020-02-17T17:29:20 EST" finished-at="2020-02-17T17:29:20 EST">
    <groups>
    </groups>
    <test name="Test" duration-ms="216" started-at="2020-02-17T17:29:20 EST" finished-at="2020-02-17T17:29:20 EST">
      <class name="qaclickacademy.AppiumTest">
        <test-method status="PASS" signature="IOSApps()[pri:0, instance:qaclickacademy.AppiumTest@18eed359]" name="IOSApps" duration-ms="13" started-at="2020-02-17T17:29:20 EST" finished-at="2020-02-17T17:29:20 EST">
          <reporter-output>
          </reporter-output>
        </test-method> <!-- IOSApps -->
        <test-method status="PASS" signature="NativeAppAndroid()[pri:0, instance:qaclickacademy.AppiumTest@18eed359]" name="NativeAppAndroid" duration-ms="1" started-at="2020-02-17T17:29:20 EST" finished-at="2020-02-17T17:29:20 EST">
          <reporter-output>
          </reporter-output>
        </test-method> <!-- NativeAppAndroid -->
      </class> <!-- qaclickacademy.AppiumTest -->
      <class name="qaclickacademy.RESTAPITest">
        <test-method status="PASS" signature="deleteTwitter()[pri:0, instance:qaclickacademy.RESTAPITest@6c3708b3]" name="deleteTwitter" duration-ms="0" started-at="2020-02-17T17:29:20 EST" finished-at="2020-02-17T17:29:20 EST">
          <reporter-output>
          </reporter-output>
        </test-method> <!-- deleteTwitter -->
        <test-method status="PASS" signature="postJira()[pri:0, instance:qaclickacademy.RESTAPITest@6c3708b3]" name="postJira" duration-ms="2" started-at="2020-02-17T17:29:20 EST" finished-at="2020-02-17T17:29:20 EST">
          <reporter-output>
          </reporter-output>
        </test-method> <!-- postJira -->
      </class> <!-- qaclickacademy.RESTAPITest -->
      <class name="qaclickacademy.SeleniumTest">
        <test-method status="PASS" signature="BrowserAutomation()[pri:0, instance:qaclickacademy.SeleniumTest@3e9b1010]" name="BrowserAutomation" duration-ms="4" started-at="2020-02-17T17:29:20 EST" finished-at="2020-02-17T17:29:20 EST">
          <reporter-output>
          </reporter-output>
        </test-method> <!-- BrowserAutomation -->
        <test-method status="PASS" signature="elementsUI()[pri:0, instance:qaclickacademy.SeleniumTest@3e9b1010]" name="elementsUI" duration-ms="0" started-at="2020-02-17T17:29:20 EST" finished-at="2020-02-17T17:29:20 EST">
          <reporter-output>
          </reporter-output>
        </test-method> <!-- elementsUI -->
      </class> <!-- qaclickacademy.SeleniumTest -->
    </test> <!-- Test -->
  </suite> <!-- Suite -->
</testng-results>
